C:\Program Files\Microsoft Visual Studio\2022\Community\MSBuild\Microsoft\VC\v170\Microsoft.CppBuild.targets(517,5): warning MSB8004: Output 디렉터리가 슬래시로 끝나지 않습니다. Output 디렉터리의 적절한 평가를 허용하는 데 필요하므로 이 빌드 인스턴스에서 슬래시를 추가합니다.
  pch.cpp
C:\Users\alsxm\Desktop\dev\MyDX3DFramework\MyD3DFramework\Macro.h(50,1): warning C4067: 전처리기 지시문 다음에 예기치 않은 토큰이 있습니다. 줄 바꿈 문자가 필요합니다.
  (소스 파일 'pch.cpp'을(를) 컴파일하는 중)
  
C:\Users\alsxm\Desktop\dev\MyDX3DFramework\MyD3DFramework\Renderer.h(135,14): error C3646: 'm_cbPerObject': 알 수 없는 재정의 지정자입니다.
  (소스 파일 'pch.cpp'을(를) 컴파일하는 중)
  
C:\Users\alsxm\Desktop\dev\MyDX3DFramework\MyD3DFramework\Renderer.h(135,28): error C2059: 구문 오류: '='
  (소스 파일 'pch.cpp'을(를) 컴파일하는 중)
  
C:\Users\alsxm\Desktop\dev\MyDX3DFramework\MyD3DFramework\Renderer.h(135,30): error C2334: '{' 앞에 예기치 않은 토큰이 있습니다. 명백한 함수 본문을 건너뜁니다.
  (소스 파일 'pch.cpp'을(를) 컴파일하는 중)
  
C:\Users\alsxm\Desktop\dev\MyDX3DFramework\MyD3DFramework\Renderer.h(136,13): error C3646: 'm_cbPerFrame': 알 수 없는 재정의 지정자입니다.
  (소스 파일 'pch.cpp'을(를) 컴파일하는 중)
  
C:\Users\alsxm\Desktop\dev\MyDX3DFramework\MyD3DFramework\Renderer.h(136,26): error C2059: 구문 오류: '='
  (소스 파일 'pch.cpp'을(를) 컴파일하는 중)
  
C:\Users\alsxm\Desktop\dev\MyDX3DFramework\MyD3DFramework\Renderer.h(136,28): error C2334: '{' 앞에 예기치 않은 토큰이 있습니다. 명백한 함수 본문을 건너뜁니다.
  (소스 파일 'pch.cpp'을(를) 컴파일하는 중)
  
C:\Users\alsxm\Desktop\dev\MyDX3DFramework\MyD3DFramework\Mesh.h(52,36): warning C4267: '=': 'size_t'에서 'UINT'(으)로 변환하면서 데이터가 손실될 수 있습니다.
  (소스 파일 'pch.cpp'을(를) 컴파일하는 중)
  
C:\Users\alsxm\Desktop\dev\MyDX3DFramework\MyD3DFramework\Mesh.h(60,36): warning C4267: '=': 'size_t'에서 'uint32'(으)로 변환하면서 데이터가 손실될 수 있습니다.
  (소스 파일 'pch.cpp'을(를) 컴파일하는 중)
  
C:\Users\alsxm\Desktop\dev\MyDX3DFramework\MyD3DFramework\Material.h(3,8): warning C4099: 'Material': 처음에는 'class'을(를) 사용하여 형식 이름을 표시했는데 이제는 'struct'을(를) 사용하여 표시합니다.
  (소스 파일 'pch.cpp'을(를) 컴파일하는 중)
      C:\Users\alsxm\Desktop\dev\MyDX3DFramework\MyD3DFramework\Material.h(3,8):
      'Material' 선언을 참조하십시오.
  
