c:\users\ajw01\desktop\jiwoo\mydx3dframework\myd3dframework\x64\debug\myd3dframework.pch
c:\users\ajw01\desktop\jiwoo\mydx3dframework\myd3dframework\x64\debug\vc143.pdb
c:\users\ajw01\desktop\jiwoo\mydx3dframework\myd3dframework\x64\debug\vc143.idb
c:\users\ajw01\desktop\jiwoo\mydx3dframework\myd3dframework\x64\debug\pch.obj
c:\users\ajw01\desktop\jiwoo\mydx3dframework\binaries\debug\xapobaseredist.pdb
c:\users\ajw01\desktop\jiwoo\mydx3dframework\binaries\debug\xaudio2_9redist.pdb
c:\users\ajw01\desktop\jiwoo\mydx3dframework\binaries\debug\xaudio2_9redist.dll
c:\users\ajw01\desktop\jiwoo\mydx3dframework\binaries\debug\lightpixelshader.cso
c:\users\ajw01\desktop\jiwoo\mydx3dframework\binaries\debug\simplepixelshader.cso
c:\users\ajw01\desktop\jiwoo\mydx3dframework\binaries\debug\simplevertexshader.cso
c:\users\ajw01\desktop\jiwoo\mydx3dframework\binaries\debug\lightvertexshader.cso
c:\users\ajw01\desktop\jiwoo\mydx3dframework\binaries\debug\myd3dframework.exe
c:\users\ajw01\desktop\jiwoo\mydx3dframework\binaries\debug\myd3dframework.pdb
c:\users\ajw01\desktop\jiwoo\mydx3dframework\myd3dframework\x64\debug\myd3dframework.res
c:\users\ajw01\desktop\jiwoo\mydx3dframework\myd3dframework\x64\debug\myd3dframework.ilk
c:\users\ajw01\desktop\jiwoo\mydx3dframework\myd3dframework\x64\debug\myd3dframework.tlog\cl.command.1.tlog
c:\users\ajw01\desktop\jiwoo\mydx3dframework\myd3dframework\x64\debug\myd3dframework.tlog\cl.items.tlog
c:\users\ajw01\desktop\jiwoo\mydx3dframework\myd3dframework\x64\debug\myd3dframework.tlog\cl.read.1.tlog
c:\users\ajw01\desktop\jiwoo\mydx3dframework\myd3dframework\x64\debug\myd3dframework.tlog\cl.write.1.tlog
c:\users\ajw01\desktop\jiwoo\mydx3dframework\myd3dframework\x64\debug\myd3dframework.tlog\copylocal.read.1u.tlog
c:\users\ajw01\desktop\jiwoo\mydx3dframework\myd3dframework\x64\debug\myd3dframework.tlog\copylocal.write.1u.tlog
c:\users\ajw01\desktop\jiwoo\mydx3dframework\myd3dframework\x64\debug\myd3dframework.tlog\fxc.command.1.tlog
c:\users\ajw01\desktop\jiwoo\mydx3dframework\myd3dframework\x64\debug\myd3dframework.tlog\fxc.read.1.tlog
c:\users\ajw01\desktop\jiwoo\mydx3dframework\myd3dframework\x64\debug\myd3dframework.tlog\fxc.write.1.tlog
c:\users\ajw01\desktop\jiwoo\mydx3dframework\myd3dframework\x64\debug\myd3dframework.tlog\link.command.1.tlog
c:\users\ajw01\desktop\jiwoo\mydx3dframework\myd3dframework\x64\debug\myd3dframework.tlog\link.read.1.tlog
c:\users\ajw01\desktop\jiwoo\mydx3dframework\myd3dframework\x64\debug\myd3dframework.tlog\link.secondary.1.tlog
c:\users\ajw01\desktop\jiwoo\mydx3dframework\myd3dframework\x64\debug\myd3dframework.tlog\link.write.1.tlog
c:\users\ajw01\desktop\jiwoo\mydx3dframework\myd3dframework\x64\debug\myd3dframework.tlog\rc.command.1.tlog
c:\users\ajw01\desktop\jiwoo\mydx3dframework\myd3dframework\x64\debug\myd3dframework.tlog\rc.read.1.tlog
c:\users\ajw01\desktop\jiwoo\mydx3dframework\myd3dframework\x64\debug\myd3dframework.tlog\rc.write.1.tlog
