C:\Program Files\Microsoft Visual Studio\2022\Community\MSBuild\Microsoft\VC\v170\Microsoft.CppBuild.targets(517,5): warning MSB8004: Output 디렉터리가 슬래시로 끝나지 않습니다. Output 디렉터리의 적절한 평가를 허용하는 데 필요하므로 이 빌드 인스턴스에서 슬래시를 추가합니다.
C:\Users\ajw01\Desktop\Jiwoo\MyDX3DFramework\MyD3DFramework\EngineConfig.h(1,9-12): warning X3568: 'once' : unknown pragma ignored
C:\Users\ajw01\Desktop\Jiwoo\MyDX3DFramework\MyD3DFramework\LightPixelShader.hlsl(167,17-34): warning X3203: signed/unsigned mismatch, unsigned assumed
C:\Users\ajw01\Desktop\Jiwoo\MyDX3DFramework\MyD3DFramework\LightPixelShader.hlsl(177,17-36): warning X3203: signed/unsigned mismatch, unsigned assumed
C:\Users\ajw01\Desktop\Jiwoo\MyDX3DFramework\MyD3DFramework\LightPixelShader.hlsl(187,17-35): warning X3203: signed/unsigned mismatch, unsigned assumed
  
  compilation object save succeeded; see C:\Users\ajw01\Desktop\Jiwoo\MyDX3DFramework\Binaries\Release\LightPixelShader.cso
C:\Users\ajw01\Desktop\Jiwoo\MyDX3DFramework\MyD3DFramework\EngineConfig.h(1,9-12): warning X3568: 'once' : unknown pragma ignored
  
  compilation object save succeeded; see C:\Users\ajw01\Desktop\Jiwoo\MyDX3DFramework\Binaries\Release\SimplePixelShader.cso
C:\Users\ajw01\Desktop\Jiwoo\MyDX3DFramework\MyD3DFramework\EngineConfig.h(1,9-12): warning X3568: 'once' : unknown pragma ignored
  
  compilation object save succeeded; see C:\Users\ajw01\Desktop\Jiwoo\MyDX3DFramework\Binaries\Release\SimpleVertexShader.cso
C:\Users\ajw01\Desktop\Jiwoo\MyDX3DFramework\MyD3DFramework\EngineConfig.h(1,9-12): warning X3568: 'once' : unknown pragma ignored
C:\Users\ajw01\Desktop\Jiwoo\MyDX3DFramework\MyD3DFramework\LightVertexShader.hlsl(7,5-55): warning X3206: implicit truncation of vector type
C:\Users\ajw01\Desktop\Jiwoo\MyDX3DFramework\MyD3DFramework\LightVertexShader.hlsl(9,5-84): warning X3206: implicit truncation of vector type
  
  compilation object save succeeded; see C:\Users\ajw01\Desktop\Jiwoo\MyDX3DFramework\Binaries\Release\LightVertexShader.cso
  pch.cpp
C:\Users\ajw01\Desktop\Jiwoo\MyDX3DFramework\MyD3DFramework\Macro.h(50,1): warning C4067: 전처리기 지시문 다음에 예기치 않은 토큰이 있습니다. 줄 바꿈 문자가 필요합니다.
  (소스 파일 'pch.cpp'을(를) 컴파일하는 중)
  
C:\Users\ajw01\Desktop\Jiwoo\MyDX3DFramework\MyD3DFramework\Mesh.h(51,36): warning C4267: '=': 'size_t'에서 'UINT'(으)로 변환하면서 데이터가 손실될 수 있습니다.
  (소스 파일 'pch.cpp'을(를) 컴파일하는 중)
  
C:\Users\ajw01\Desktop\Jiwoo\MyDX3DFramework\MyD3DFramework\Mesh.h(59,36): warning C4267: '=': 'size_t'에서 'uint32'(으)로 변환하면서 데이터가 손실될 수 있습니다.
  (소스 파일 'pch.cpp'을(를) 컴파일하는 중)
  
  Algorithm.cpp
  Array.cpp
  BufferPool.cpp
  CAttribute.cpp
  CBehavior.cpp
  CCamera.cpp
C:\Users\ajw01\Desktop\Jiwoo\MyDX3DFramework\MyD3DFramework\CMeshRenderer.h(5,7): warning C4099: 'Material': 처음에는 'struct'을(를) 사용하여 형식 이름을 표시했는데 이제는 'class'을(를) 사용하여 표시합니다.
  (소스 파일 '/CCamera.cpp'을(를) 컴파일하는 중)
      C:\Users\ajw01\Desktop\Jiwoo\MyDX3DFramework\MyD3DFramework\Material.h(3,8):
      'Material' 선언을 참조하십시오.
  
  CKeyInput.cpp
  CLight.cpp
C:\Users\ajw01\Desktop\Jiwoo\MyDX3DFramework\MyD3DFramework\CMeshRenderer.h(5,7): warning C4099: 'Material': 처음에는 'struct'을(를) 사용하여 형식 이름을 표시했는데 이제는 'class'을(를) 사용하여 표시합니다.
  (소스 파일 '/CLight.cpp'을(를) 컴파일하는 중)
      C:\Users\ajw01\Desktop\Jiwoo\MyDX3DFramework\MyD3DFramework\Material.h(3,8):
      'Material' 선언을 참조하십시오.
  
  CMeshRenderer.cpp
C:\Users\ajw01\Desktop\Jiwoo\MyDX3DFramework\MyD3DFramework\CMeshRenderer.h(5,7): warning C4099: 'Material': 처음에는 'struct'을(를) 사용하여 형식 이름을 표시했는데 이제는 'class'을(를) 사용하여 표시합니다.
  (소스 파일 '/CMeshRenderer.cpp'을(를) 컴파일하는 중)
      C:\Users\ajw01\Desktop\Jiwoo\MyDX3DFramework\MyD3DFramework\Material.h(3,8):
      'Material' 선언을 참조하십시오.
  
  CTransform.cpp
  CameraObject.cpp
C:\Users\ajw01\Desktop\Jiwoo\MyDX3DFramework\MyD3DFramework\CMeshRenderer.h(5,7): warning C4099: 'Material': 처음에는 'struct'을(를) 사용하여 형식 이름을 표시했는데 이제는 'class'을(를) 사용하여 표시합니다.
  (소스 파일 '/CameraObject.cpp'을(를) 컴파일하는 중)
      C:\Users\ajw01\Desktop\Jiwoo\MyDX3DFramework\MyD3DFramework\Material.h(3,8):
      'Material' 선언을 참조하십시오.
  
  CircularArray.cpp
  Component.cpp
  ContantBuffers.cpp
  DevScene.cpp
C:\Users\ajw01\Desktop\Jiwoo\MyDX3DFramework\MyD3DFramework\CMeshRenderer.h(5,7): warning C4099: 'Material': 처음에는 'struct'을(를) 사용하여 형식 이름을 표시했는데 이제는 'class'을(를) 사용하여 표시합니다.
  (소스 파일 '/DevScene.cpp'을(를) 컴파일하는 중)
      C:\Users\ajw01\Desktop\Jiwoo\MyDX3DFramework\MyD3DFramework\Material.h(3,8):
      'Material' 선언을 참조하십시오.
  
  Effect.cpp
C:\Users\ajw01\Desktop\Jiwoo\MyDX3DFramework\MyD3DFramework\CMeshRenderer.h(5,7): warning C4099: 'Material': 처음에는 'struct'을(를) 사용하여 형식 이름을 표시했는데 이제는 'class'을(를) 사용하여 표시합니다.
  (소스 파일 '/Effect.cpp'을(를) 컴파일하는 중)
      C:\Users\ajw01\Desktop\Jiwoo\MyDX3DFramework\MyD3DFramework\Material.h(3,8):
      'Material' 선언을 참조하십시오.
  
C:\Users\ajw01\Desktop\Jiwoo\MyDX3DFramework\MyD3DFramework\Effect.cpp(31,26): warning C4267: '인수': 'size_t'에서 'UINT'(으)로 변환하면서 데이터가 손실될 수 있습니다.
  (소스 파일 '/Effect.cpp'을(를) 컴파일하는 중)
  
  Engine.cpp
C:\Users\ajw01\Desktop\Jiwoo\MyDX3DFramework\MyD3DFramework\CMeshRenderer.h(5,7): warning C4099: 'Material': 처음에는 'struct'을(를) 사용하여 형식 이름을 표시했는데 이제는 'class'을(를) 사용하여 표시합니다.
  (소스 파일 '/Engine.cpp'을(를) 컴파일하는 중)
      C:\Users\ajw01\Desktop\Jiwoo\MyDX3DFramework\MyD3DFramework\Material.h(3,8):
      'Material' 선언을 참조하십시오.
  
  FastCompVector.cpp
  Font.cpp
  GameObject.cpp
  컴파일하고 있습니다...
  GameTimer.cpp
  Ground.cpp
C:\Users\ajw01\Desktop\Jiwoo\MyDX3DFramework\MyD3DFramework\CMeshRenderer.h(5,7): warning C4099: 'Material': 처음에는 'struct'을(를) 사용하여 형식 이름을 표시했는데 이제는 'class'을(를) 사용하여 표시합니다.
  (소스 파일 '/Ground.cpp'을(를) 컴파일하는 중)
      C:\Users\ajw01\Desktop\Jiwoo\MyDX3DFramework\MyD3DFramework\Material.h(3,8):
      'Material' 선언을 참조하십시오.
  
  InputManager.cpp
  LightObject.cpp
  Main.cpp
  Material.cpp
  Mesh.cpp
  Name.cpp
  Pawn.cpp
C:\Users\ajw01\Desktop\Jiwoo\MyDX3DFramework\MyD3DFramework\CMeshRenderer.h(5,7): warning C4099: 'Material': 처음에는 'struct'을(를) 사용하여 형식 이름을 표시했는데 이제는 'class'을(를) 사용하여 표시합니다.
  (소스 파일 '/Pawn.cpp'을(를) 컴파일하는 중)
      C:\Users\ajw01\Desktop\Jiwoo\MyDX3DFramework\MyD3DFramework\Material.h(3,8):
      'Material' 선언을 참조하십시오.
  
  RenderState.cpp
  Renderer.cpp
C:\Users\ajw01\Desktop\Jiwoo\MyDX3DFramework\MyD3DFramework\CMeshRenderer.h(5,7): warning C4099: 'Material': 처음에는 'struct'을(를) 사용하여 형식 이름을 표시했는데 이제는 'class'을(를) 사용하여 표시합니다.
  (소스 파일 '/Renderer.cpp'을(를) 컴파일하는 중)
      C:\Users\ajw01\Desktop\Jiwoo\MyDX3DFramework\MyD3DFramework\Material.h(3,8):
      'Material' 선언을 참조하십시오.
  
C:\Users\ajw01\Desktop\Jiwoo\MyDX3DFramework\MyD3DFramework\Renderer.cpp(376,41): warning C4267: '=': 'size_t'에서 'unsigned int'(으)로 변환하면서 데이터가 손실될 수 있습니다.
  (소스 파일 '/Renderer.cpp'을(를) 컴파일하는 중)
  
C:\Users\ajw01\Desktop\Jiwoo\MyDX3DFramework\MyD3DFramework\Renderer.cpp(377,45): warning C4267: '=': 'size_t'에서 'unsigned int'(으)로 변환하면서 데이터가 손실될 수 있습니다.
  (소스 파일 '/Renderer.cpp'을(를) 컴파일하는 중)
  
C:\Users\ajw01\Desktop\Jiwoo\MyDX3DFramework\MyD3DFramework\Renderer.cpp(378,43): warning C4267: '=': 'size_t'에서 'unsigned int'(으)로 변환하면서 데이터가 손실될 수 있습니다.
  (소스 파일 '/Renderer.cpp'을(를) 컴파일하는 중)
  
C:\Users\ajw01\Desktop\Jiwoo\MyDX3DFramework\MyD3DFramework\Mesh.h(33,37): warning C4267: '=': 'size_t'에서 'UINT'(으)로 변환하면서 데이터가 손실될 수 있습니다.
  (소스 파일 '/Renderer.cpp'을(를) 컴파일하는 중)
      C:\Users\ajw01\Desktop\Jiwoo\MyDX3DFramework\MyD3DFramework\Mesh.h(33,37):
      템플릿 인스턴스화 컨텍스트(가장 오래된 인스턴스화 컨텍스트)가
          C:\Users\ajw01\Desktop\Jiwoo\MyDX3DFramework\MyD3DFramework\Renderer.cpp(255,8):
          컴파일되는 함수 템플릿 인스턴스화 'void Mesh::SetVertexBuffer<VertexNormal>(ID3D11Device *,const std::vector<VertexNormal,std::allocator<VertexNormal>> &)'에 대한 참조를 확인하세요.
  
  ResourceManager.cpp
C:\Users\ajw01\Desktop\Jiwoo\MyDX3DFramework\MyD3DFramework\CMeshRenderer.h(5,7): warning C4099: 'Material': 처음에는 'struct'을(를) 사용하여 형식 이름을 표시했는데 이제는 'class'을(를) 사용하여 표시합니다.
  (소스 파일 '/ResourceManager.cpp'을(를) 컴파일하는 중)
      C:\Users\ajw01\Desktop\Jiwoo\MyDX3DFramework\MyD3DFramework\Material.h(3,8):
      'Material' 선언을 참조하십시오.
  
  Scene.cpp
  SceneManager.cpp
  ShaderIncludeHelper.cpp
  SimpleMathAdv.cpp
  SortedVector.cpp
  Structs.cpp
  TypeTrait.cpp
  Vertex.cpp
  컴파일하고 있습니다...
  WindowsApp.cpp
C:\Users\ajw01\Desktop\Jiwoo\MyDX3DFramework\MyD3DFramework\CMeshRenderer.h(5,7): warning C4099: 'Material': 처음에는 'struct'을(를) 사용하여 형식 이름을 표시했는데 이제는 'class'을(를) 사용하여 표시합니다.
  (소스 파일 '/WindowsApp.cpp'을(를) 컴파일하는 중)
      C:\Users\ajw01\Desktop\Jiwoo\MyDX3DFramework\MyD3DFramework\Material.h(3,8):
      'Material' 선언을 참조하십시오.
  
C:\Users\ajw01\Desktop\Jiwoo\MyDX3DFramework\MyD3DFramework\WindowsApp.cpp(34,33): warning C4302: '형식 캐스트': 'LPWSTR'에서 'WORD'(으)로 잘립니다.
  (소스 파일 '/WindowsApp.cpp'을(를) 컴파일하는 중)
  
C:\Users\ajw01\Desktop\Jiwoo\MyDX3DFramework\MyD3DFramework\WindowsApp.cpp(114,24): warning C4244: '인수': 'const unsigned __int64'에서 'int'(으)로 변환하면서 데이터가 손실될 수 있습니다.
  (소스 파일 '/WindowsApp.cpp'을(를) 컴파일하는 중)
  
C:\Users\ajw01\Desktop\Jiwoo\MyDX3DFramework\MyD3DFramework\WindowsApp.cpp(114,12): warning C4244: '인수': 'const unsigned __int64'에서 'int'(으)로 변환하면서 데이터가 손실될 수 있습니다.
  (소스 파일 '/WindowsApp.cpp'을(를) 컴파일하는 중)
  
  WindowsProc.cpp
  WindowsUtile.cpp
  코드를 생성하고 있습니다.
  1 of 3346 functions (<0.1%) were compiled, the rest were copied from previous compilation.
    0 functions were new in current compilation
    2 functions had inline decision re-evaluated but remain unchanged
  코드를 생성했습니다.
  MyD3DFramework.vcxproj -> C:\Users\ajw01\Desktop\Jiwoo\MyDX3DFramework\Binaries\Release\MyD3DFramework.exe
